2025-04-27 14:37:48,575 [INFO] Starting electronics price comparison crawler...
2025-04-27 14:37:48,581 [INFO] Scrapy 2.12.0 started (bot: electronics_scraper)
2025-04-27 14:37:48,582 [INFO] Versions: lxml 5.4.0.0, libxml2 2.13.8, cssselect 1.3.0, parsel 1.10.0, w3lib 2.3.1, Twisted 24.11.0, Python 3.13.2 (main, Feb  5 2025, 08:05:21) [GCC 14.2.1 20250128], pyOpenSSL 25.0.0 (OpenSSL 3.4.1 11 Feb 2025), cryptography 44.0.2, Platform Linux-6.14.2-arch1-1-x86_64-with-glibc2.41
2025-04-27 14:37:48,582 [INFO] Adding spider: bobshop
2025-04-27 14:37:48,587 [INFO] Enabled addons:
[]
2025-04-27 14:37:48,588 [WARNING] /home/lucky/business/electronics-web-scraper/scrapy-env/lib/python3.13/site-packages/scrapy/utils/request.py:120: ScrapyDeprecationWarning: 'REQUEST_FINGERPRINTER_IMPLEMENTATION' is a deprecated setting.
It will be removed in a future version of Scrapy.
  return cls(crawler)

2025-04-27 14:37:48,588 [DEBUG] Using selector: EpollSelector
2025-04-27 14:37:48,589 [DEBUG] Using reactor: twisted.internet.asyncioreactor.AsyncioSelectorReactor
2025-04-27 14:37:48,589 [DEBUG] Using asyncio event loop: asyncio.unix_events._UnixSelectorEventLoop
2025-04-27 14:37:48,589 [DEBUG] Using reactor: twisted.internet.asyncioreactor.AsyncioSelectorReactor
2025-04-27 14:37:48,589 [DEBUG] Using asyncio event loop: asyncio.unix_events._UnixSelectorEventLoop
2025-04-27 14:37:48,595 [INFO] Telnet Password: bb3414d2a11b9af7
2025-04-27 14:37:48,616 [INFO] Enabled extensions:
['scrapy.extensions.corestats.CoreStats',
 'scrapy.extensions.telnet.TelnetConsole',
 'scrapy.extensions.memusage.MemoryUsage',
 'scrapy.extensions.logstats.LogStats',
 'scrapy.extensions.throttle.AutoThrottle']
2025-04-27 14:37:48,617 [INFO] Overridden settings:
{'AUTOTHROTTLE_ENABLED': True,
 'BOT_NAME': 'electronics_scraper',
 'CONCURRENT_REQUESTS': 8,
 'CONCURRENT_REQUESTS_PER_DOMAIN': 2,
 'COOKIES_ENABLED': False,
 'DOWNLOAD_DELAY': 2,
 'FEED_EXPORT_ENCODING': 'utf-8',
 'LOG_LEVEL': 'INFO',
 'NEWSPIDER_MODULE': 'electronics_scraper.spiders',
 'REQUEST_FINGERPRINTER_IMPLEMENTATION': '2.7',
 'ROBOTSTXT_OBEY': True,
 'SPIDER_MODULES': ['electronics_scraper.spiders'],
 'TWISTED_REACTOR': 'twisted.internet.asyncioreactor.AsyncioSelectorReactor',
 'USER_AGENT': 'Mozilla/5.0 (Windows NT 10.0; Win64; x64) AppleWebKit/537.36 '
               '(KHTML, like Gecko) Chrome/91.0.4472.124 Safari/537.36'}
2025-04-27 14:37:48,761 [INFO] Enabled downloader middlewares:
['scrapy.downloadermiddlewares.offsite.OffsiteMiddleware',
 'scrapy.downloadermiddlewares.robotstxt.RobotsTxtMiddleware',
 'scrapy.downloadermiddlewares.httpauth.HttpAuthMiddleware',
 'scrapy.downloadermiddlewares.downloadtimeout.DownloadTimeoutMiddleware',
 'scrapy.downloadermiddlewares.defaultheaders.DefaultHeadersMiddleware',
 'scrapy.downloadermiddlewares.useragent.UserAgentMiddleware',
 'scrapy.downloadermiddlewares.retry.RetryMiddleware',
 'scrapy.downloadermiddlewares.redirect.MetaRefreshMiddleware',
 'scrapy.downloadermiddlewares.httpcompression.HttpCompressionMiddleware',
 'scrapy.downloadermiddlewares.redirect.RedirectMiddleware',
 'scrapy.downloadermiddlewares.httpproxy.HttpProxyMiddleware',
 'scrapy.downloadermiddlewares.stats.DownloaderStats']
2025-04-27 14:37:48,764 [INFO] Enabled spider middlewares:
['scrapy.spidermiddlewares.httperror.HttpErrorMiddleware',
 'scrapy.spidermiddlewares.referer.RefererMiddleware',
 'scrapy.spidermiddlewares.urllength.UrlLengthMiddleware',
 'scrapy.spidermiddlewares.depth.DepthMiddleware']
2025-04-27 14:37:50,101 [INFO] Enabled item pipelines:
['electronics_scraper.pipelines.DataProcessingPipeline']
2025-04-27 14:37:50,101 [INFO] Spider opened
2025-04-27 14:37:50,109 [INFO] Crawled 0 pages (at 0 pages/min), scraped 0 items (at 0 items/min)
2025-04-27 14:37:50,111 [INFO] Telnet console listening on 127.0.0.1:6023
2025-04-27 14:37:50,111 [INFO] Adding spider: revibe
2025-04-27 14:37:50,116 [INFO] Enabled addons:
[]
2025-04-27 14:37:50,117 [WARNING] /home/lucky/business/electronics-web-scraper/scrapy-env/lib/python3.13/site-packages/scrapy/utils/request.py:120: ScrapyDeprecationWarning: 'REQUEST_FINGERPRINTER_IMPLEMENTATION' is a deprecated setting.
It will be removed in a future version of Scrapy.
  return cls(crawler)

2025-04-27 14:37:50,117 [DEBUG] Using reactor: twisted.internet.asyncioreactor.AsyncioSelectorReactor
2025-04-27 14:37:50,117 [DEBUG] Using asyncio event loop: asyncio.unix_events._UnixSelectorEventLoop
2025-04-27 14:37:50,118 [INFO] Telnet Password: 2676cafccdc8cc68
2025-04-27 14:37:50,119 [INFO] Enabled extensions:
['scrapy.extensions.corestats.CoreStats',
 'scrapy.extensions.telnet.TelnetConsole',
 'scrapy.extensions.memusage.MemoryUsage',
 'scrapy.extensions.logstats.LogStats',
 'scrapy.extensions.throttle.AutoThrottle']
2025-04-27 14:37:50,120 [INFO] Overridden settings:
{'AUTOTHROTTLE_ENABLED': True,
 'BOT_NAME': 'electronics_scraper',
 'CONCURRENT_REQUESTS': 8,
 'CONCURRENT_REQUESTS_PER_DOMAIN': 2,
 'COOKIES_ENABLED': False,
 'DOWNLOAD_DELAY': 2,
 'FEED_EXPORT_ENCODING': 'utf-8',
 'LOG_LEVEL': 'INFO',
 'NEWSPIDER_MODULE': 'electronics_scraper.spiders',
 'REQUEST_FINGERPRINTER_IMPLEMENTATION': '2.7',
 'ROBOTSTXT_OBEY': True,
 'SPIDER_MODULES': ['electronics_scraper.spiders'],
 'TWISTED_REACTOR': 'twisted.internet.asyncioreactor.AsyncioSelectorReactor',
 'USER_AGENT': 'Mozilla/5.0 (Windows NT 10.0; Win64; x64) AppleWebKit/537.36 '
               '(KHTML, like Gecko) Chrome/91.0.4472.124 Safari/537.36'}
2025-04-27 14:37:50,122 [INFO] Enabled downloader middlewares:
['scrapy.downloadermiddlewares.offsite.OffsiteMiddleware',
 'scrapy.downloadermiddlewares.robotstxt.RobotsTxtMiddleware',
 'scrapy.downloadermiddlewares.httpauth.HttpAuthMiddleware',
 'scrapy.downloadermiddlewares.downloadtimeout.DownloadTimeoutMiddleware',
 'scrapy.downloadermiddlewares.defaultheaders.DefaultHeadersMiddleware',
 'scrapy.downloadermiddlewares.useragent.UserAgentMiddleware',
 'scrapy.downloadermiddlewares.retry.RetryMiddleware',
 'scrapy.downloadermiddlewares.redirect.MetaRefreshMiddleware',
 'scrapy.downloadermiddlewares.httpcompression.HttpCompressionMiddleware',
 'scrapy.downloadermiddlewares.redirect.RedirectMiddleware',
 'scrapy.downloadermiddlewares.httpproxy.HttpProxyMiddleware',
 'scrapy.downloadermiddlewares.stats.DownloaderStats']
2025-04-27 14:37:50,123 [INFO] Enabled spider middlewares:
['scrapy.spidermiddlewares.httperror.HttpErrorMiddleware',
 'scrapy.spidermiddlewares.referer.RefererMiddleware',
 'scrapy.spidermiddlewares.urllength.UrlLengthMiddleware',
 'scrapy.spidermiddlewares.depth.DepthMiddleware']
2025-04-27 14:37:50,124 [INFO] Enabled item pipelines:
['electronics_scraper.pipelines.DataProcessingPipeline']
2025-04-27 14:37:50,124 [INFO] Spider opened
2025-04-27 14:37:50,125 [INFO] Crawled 0 pages (at 0 pages/min), scraped 0 items (at 0 items/min)
2025-04-27 14:37:50,126 [INFO] Telnet console listening on 127.0.0.1:6024
2025-04-27 14:37:50,126 [INFO] Adding spider: istore
2025-04-27 14:37:50,130 [INFO] Enabled addons:
[]
2025-04-27 14:37:50,130 [DEBUG] Using reactor: twisted.internet.asyncioreactor.AsyncioSelectorReactor
2025-04-27 14:37:50,130 [DEBUG] Using asyncio event loop: asyncio.unix_events._UnixSelectorEventLoop
2025-04-27 14:37:50,131 [INFO] Telnet Password: 7bcf0ce91aa2e80e
2025-04-27 14:37:50,132 [INFO] Enabled extensions:
['scrapy.extensions.corestats.CoreStats',
 'scrapy.extensions.telnet.TelnetConsole',
 'scrapy.extensions.memusage.MemoryUsage',
 'scrapy.extensions.logstats.LogStats',
 'scrapy.extensions.throttle.AutoThrottle']
2025-04-27 14:37:50,133 [INFO] Overridden settings:
{'AUTOTHROTTLE_ENABLED': True,
 'BOT_NAME': 'electronics_scraper',
 'CONCURRENT_REQUESTS': 8,
 'CONCURRENT_REQUESTS_PER_DOMAIN': 2,
 'COOKIES_ENABLED': False,
 'DOWNLOAD_DELAY': 2,
 'FEED_EXPORT_ENCODING': 'utf-8',
 'LOG_LEVEL': 'INFO',
 'NEWSPIDER_MODULE': 'electronics_scraper.spiders',
 'REQUEST_FINGERPRINTER_IMPLEMENTATION': '2.7',
 'ROBOTSTXT_OBEY': True,
 'SPIDER_MODULES': ['electronics_scraper.spiders'],
 'TWISTED_REACTOR': 'twisted.internet.asyncioreactor.AsyncioSelectorReactor',
 'USER_AGENT': 'Mozilla/5.0 (Windows NT 10.0; Win64; x64) AppleWebKit/537.36 '
               '(KHTML, like Gecko) Chrome/91.0.4472.124 Safari/537.36'}
2025-04-27 14:37:50,135 [INFO] Enabled downloader middlewares:
['scrapy.downloadermiddlewares.offsite.OffsiteMiddleware',
 'scrapy.downloadermiddlewares.robotstxt.RobotsTxtMiddleware',
 'scrapy.downloadermiddlewares.httpauth.HttpAuthMiddleware',
 'scrapy.downloadermiddlewares.downloadtimeout.DownloadTimeoutMiddleware',
 'scrapy.downloadermiddlewares.defaultheaders.DefaultHeadersMiddleware',
 'scrapy.downloadermiddlewares.useragent.UserAgentMiddleware',
 'scrapy.downloadermiddlewares.retry.RetryMiddleware',
 'scrapy.downloadermiddlewares.redirect.MetaRefreshMiddleware',
 'scrapy.downloadermiddlewares.httpcompression.HttpCompressionMiddleware',
 'scrapy.downloadermiddlewares.redirect.RedirectMiddleware',
 'scrapy.downloadermiddlewares.httpproxy.HttpProxyMiddleware',
 'scrapy.downloadermiddlewares.stats.DownloaderStats']
2025-04-27 14:37:50,135 [INFO] Enabled spider middlewares:
['scrapy.spidermiddlewares.httperror.HttpErrorMiddleware',
 'scrapy.spidermiddlewares.referer.RefererMiddleware',
 'scrapy.spidermiddlewares.urllength.UrlLengthMiddleware',
 'scrapy.spidermiddlewares.depth.DepthMiddleware']
2025-04-27 14:37:50,136 [INFO] Enabled item pipelines:
['electronics_scraper.pipelines.DataProcessingPipeline']
2025-04-27 14:37:50,136 [INFO] Spider opened
2025-04-27 14:37:50,137 [INFO] Crawled 0 pages (at 0 pages/min), scraped 0 items (at 0 items/min)
2025-04-27 14:37:50,138 [INFO] Telnet console listening on 127.0.0.1:6025
2025-04-27 14:37:50,139 [INFO] Adding spider: gorilla
2025-04-27 14:37:50,144 [INFO] Enabled addons:
[]
2025-04-27 14:37:50,144 [DEBUG] Using reactor: twisted.internet.asyncioreactor.AsyncioSelectorReactor
2025-04-27 14:37:50,144 [DEBUG] Using asyncio event loop: asyncio.unix_events._UnixSelectorEventLoop
2025-04-27 14:37:50,145 [INFO] Telnet Password: d36630df98e08e77
2025-04-27 14:37:50,145 [INFO] Enabled extensions:
['scrapy.extensions.corestats.CoreStats',
 'scrapy.extensions.telnet.TelnetConsole',
 'scrapy.extensions.memusage.MemoryUsage',
 'scrapy.extensions.logstats.LogStats',
 'scrapy.extensions.throttle.AutoThrottle']
2025-04-27 14:37:50,146 [INFO] Overridden settings:
{'AUTOTHROTTLE_ENABLED': True,
 'BOT_NAME': 'electronics_scraper',
 'CONCURRENT_REQUESTS': 8,
 'CONCURRENT_REQUESTS_PER_DOMAIN': 2,
 'COOKIES_ENABLED': False,
 'DOWNLOAD_DELAY': 2,
 'FEED_EXPORT_ENCODING': 'utf-8',
 'LOG_LEVEL': 'INFO',
 'NEWSPIDER_MODULE': 'electronics_scraper.spiders',
 'REQUEST_FINGERPRINTER_IMPLEMENTATION': '2.7',
 'ROBOTSTXT_OBEY': True,
 'SPIDER_MODULES': ['electronics_scraper.spiders'],
 'TWISTED_REACTOR': 'twisted.internet.asyncioreactor.AsyncioSelectorReactor',
 'USER_AGENT': 'Mozilla/5.0 (Windows NT 10.0; Win64; x64) AppleWebKit/537.36 '
               '(KHTML, like Gecko) Chrome/91.0.4472.124 Safari/537.36'}
2025-04-27 14:37:50,147 [INFO] Enabled downloader middlewares:
['scrapy.downloadermiddlewares.offsite.OffsiteMiddleware',
 'scrapy.downloadermiddlewares.robotstxt.RobotsTxtMiddleware',
 'scrapy.downloadermiddlewares.httpauth.HttpAuthMiddleware',
 'scrapy.downloadermiddlewares.downloadtimeout.DownloadTimeoutMiddleware',
 'scrapy.downloadermiddlewares.defaultheaders.DefaultHeadersMiddleware',
 'scrapy.downloadermiddlewares.useragent.UserAgentMiddleware',
 'scrapy.downloadermiddlewares.retry.RetryMiddleware',
 'scrapy.downloadermiddlewares.redirect.MetaRefreshMiddleware',
 'scrapy.downloadermiddlewares.httpcompression.HttpCompressionMiddleware',
 'scrapy.downloadermiddlewares.redirect.RedirectMiddleware',
 'scrapy.downloadermiddlewares.httpproxy.HttpProxyMiddleware',
 'scrapy.downloadermiddlewares.stats.DownloaderStats']
2025-04-27 14:37:50,148 [INFO] Enabled spider middlewares:
['scrapy.spidermiddlewares.httperror.HttpErrorMiddleware',
 'scrapy.spidermiddlewares.referer.RefererMiddleware',
 'scrapy.spidermiddlewares.urllength.UrlLengthMiddleware',
 'scrapy.spidermiddlewares.depth.DepthMiddleware']
2025-04-27 14:37:50,148 [INFO] Enabled item pipelines:
['electronics_scraper.pipelines.DataProcessingPipeline']
2025-04-27 14:37:50,149 [INFO] Spider opened
2025-04-27 14:37:50,149 [INFO] Crawled 0 pages (at 0 pages/min), scraped 0 items (at 0 items/min)
2025-04-27 14:37:50,151 [INFO] Telnet console listening on 127.0.0.1:6026
2025-04-27 14:37:50,151 [INFO] Adding spider: backmarket
2025-04-27 14:37:50,153 [INFO] Enabled addons:
[]
2025-04-27 14:37:50,154 [DEBUG] Using reactor: twisted.internet.asyncioreactor.AsyncioSelectorReactor
2025-04-27 14:37:50,154 [DEBUG] Using asyncio event loop: asyncio.unix_events._UnixSelectorEventLoop
2025-04-27 14:37:50,154 [INFO] Telnet Password: df588a33c3d8665e
2025-04-27 14:37:50,155 [INFO] Enabled extensions:
['scrapy.extensions.corestats.CoreStats',
 'scrapy.extensions.telnet.TelnetConsole',
 'scrapy.extensions.memusage.MemoryUsage',
 'scrapy.extensions.logstats.LogStats',
 'scrapy.extensions.throttle.AutoThrottle']
2025-04-27 14:37:50,156 [INFO] Overridden settings:
{'AUTOTHROTTLE_ENABLED': True,
 'BOT_NAME': 'electronics_scraper',
 'CONCURRENT_REQUESTS': 8,
 'CONCURRENT_REQUESTS_PER_DOMAIN': 2,
 'COOKIES_ENABLED': False,
 'DOWNLOAD_DELAY': 2,
 'FEED_EXPORT_ENCODING': 'utf-8',
 'LOG_LEVEL': 'INFO',
 'NEWSPIDER_MODULE': 'electronics_scraper.spiders',
 'REQUEST_FINGERPRINTER_IMPLEMENTATION': '2.7',
 'ROBOTSTXT_OBEY': True,
 'SPIDER_MODULES': ['electronics_scraper.spiders'],
 'TWISTED_REACTOR': 'twisted.internet.asyncioreactor.AsyncioSelectorReactor',
 'USER_AGENT': 'Mozilla/5.0 (Windows NT 10.0; Win64; x64) AppleWebKit/537.36 '
               '(KHTML, like Gecko) Chrome/91.0.4472.124 Safari/537.36'}
2025-04-27 14:37:50,157 [INFO] Enabled downloader middlewares:
['scrapy.downloadermiddlewares.offsite.OffsiteMiddleware',
 'scrapy.downloadermiddlewares.robotstxt.RobotsTxtMiddleware',
 'scrapy.downloadermiddlewares.httpauth.HttpAuthMiddleware',
 'scrapy.downloadermiddlewares.downloadtimeout.DownloadTimeoutMiddleware',
 'scrapy.downloadermiddlewares.defaultheaders.DefaultHeadersMiddleware',
 'scrapy.downloadermiddlewares.useragent.UserAgentMiddleware',
 'scrapy.downloadermiddlewares.retry.RetryMiddleware',
 'scrapy.downloadermiddlewares.redirect.MetaRefreshMiddleware',
 'scrapy.downloadermiddlewares.httpcompression.HttpCompressionMiddleware',
 'scrapy.downloadermiddlewares.redirect.RedirectMiddleware',
 'scrapy.downloadermiddlewares.httpproxy.HttpProxyMiddleware',
 'scrapy.downloadermiddlewares.stats.DownloaderStats']
2025-04-27 14:37:50,158 [INFO] Enabled spider middlewares:
['scrapy.spidermiddlewares.httperror.HttpErrorMiddleware',
 'scrapy.spidermiddlewares.referer.RefererMiddleware',
 'scrapy.spidermiddlewares.urllength.UrlLengthMiddleware',
 'scrapy.spidermiddlewares.depth.DepthMiddleware']
2025-04-27 14:37:50,158 [INFO] Enabled item pipelines:
['electronics_scraper.pipelines.DataProcessingPipeline']
2025-04-27 14:37:50,159 [INFO] Spider opened
2025-04-27 14:37:50,159 [INFO] Crawled 0 pages (at 0 pages/min), scraped 0 items (at 0 items/min)
2025-04-27 14:37:50,163 [INFO] Telnet console listening on 127.0.0.1:6027
2025-04-27 14:37:50,163 [INFO] Starting crawl process
2025-04-27 14:37:50,511 [DEBUG] Crawled (200) <GET https://www.istore.co.za/robots.txt> (referer: None)
2025-04-27 14:37:50,537 [DEBUG] Redirecting (301) to <GET https://www.bobshop.co.za/robots.txt> from <GET https://bobshop.co.za/robots.txt>
2025-04-27 14:37:50,787 [DEBUG] Crawled (200) <GET https://revibe.co.za/robots.txt> (referer: None)
2025-04-27 14:37:50,811 [DEBUG] Redirecting (301) to <GET https://www.gorillaphones.co.za/robots.txt> from <GET https://gorillaphones.co.za/robots.txt>
2025-04-27 14:37:51,910 [DEBUG] Crawled (200) <GET https://www.backmarket.com/robots.txt> (referer: None)
2025-04-27 14:37:54,060 [DEBUG] Redirecting (302) to <GET https://www.istore.co.za/> from <GET https://www.istore.co.za/pre-owned-iphone>
2025-04-27 14:37:57,271 [DEBUG] Crawled (403) <GET https://www.backmarket.com/en-za/l/smartphones/c/smartphones> (referer: None)
2025-04-27 14:37:57,374 [INFO] Ignoring response <403 https://www.backmarket.com/en-za/l/smartphones/c/smartphones>: HTTP status code is not handled or not allowed
2025-04-27 14:37:57,682 [DEBUG] Crawled (404) <GET https://revibe.co.za/collections/pre-owned-iphones> (referer: None)
2025-04-27 14:37:57,708 [DEBUG] Redirecting (302) to <GET https://www.istore.co.za/> from <GET https://www.istore.co.za/pre-owned-mac>
2025-04-27 14:37:57,784 [INFO] Ignoring response <404 https://revibe.co.za/collections/pre-owned-iphones>: HTTP status code is not handled or not allowed
2025-04-27 14:37:57,888 [DEBUG] Crawled (200) <GET https://www.bobshop.co.za/robots.txt> (referer: None)
2025-04-27 14:37:58,274 [DEBUG] Crawled (200) <GET https://www.gorillaphones.co.za/robots.txt> (referer: None)
2025-04-27 14:38:01,396 [DEBUG] Crawled (404) <GET https://revibe.co.za/collections/pre-owned-samsung> (referer: None)
2025-04-27 14:38:01,499 [INFO] Ignoring response <404 https://revibe.co.za/collections/pre-owned-samsung>: HTTP status code is not handled or not allowed
2025-04-27 14:38:01,583 [DEBUG] Redirecting (302) to <GET https://www.istore.co.za/> from <GET https://www.istore.co.za/pre-owned-ipad>
2025-04-27 14:38:01,777 [DEBUG] Redirecting (301) to <GET https://www.bobshop.co.za/collections/smartphones> from <GET https://bobshop.co.za/collections/smartphones>
2025-04-27 14:38:01,795 [DEBUG] Crawled (403) <GET https://www.backmarket.com/en-za/l/tablets/c/tablets> (referer: None)
2025-04-27 14:38:01,897 [INFO] Ignoring response <403 https://www.backmarket.com/en-za/l/tablets/c/tablets>: HTTP status code is not handled or not allowed
2025-04-27 14:38:01,979 [DEBUG] Crawled (200) <GET https://www.bobshop.co.za/robots.txt> (referer: None)
2025-04-27 14:38:02,037 [DEBUG] Redirecting (301) to <GET https://www.gorillaphones.co.za/collections/certified-pre-owned-phones> from <GET https://gorillaphones.co.za/collections/certified-pre-owned-phones>
2025-04-27 14:38:02,619 [DEBUG] Crawled (200) <GET https://www.gorillaphones.co.za/robots.txt> (referer: None)
2025-04-27 14:38:04,936 [DEBUG] Crawled (404) <GET https://revibe.co.za/collections/pre-owned-macbooks> (referer: None)
2025-04-27 14:38:04,956 [DEBUG] Redirecting (301) to <GET https://www.gorillaphones.co.za/collections/certified-pre-owned-ipads> from <GET https://gorillaphones.co.za/collections/certified-pre-owned-ipads>
2025-04-27 14:38:05,037 [INFO] Ignoring response <404 https://revibe.co.za/collections/pre-owned-macbooks>: HTTP status code is not handled or not allowed
2025-04-27 14:38:05,338 [DEBUG] Redirecting (302) to <GET https://www.istore.co.za/> from <GET https://www.istore.co.za/pre-owned-apple-watch>
2025-04-27 14:38:05,352 [DEBUG] Crawled (403) <GET https://www.backmarket.com/en-za/l/computers/c/computers> (referer: None)
2025-04-27 14:38:05,365 [DEBUG] Redirecting (301) to <GET https://www.bobshop.co.za/collections/tablets> from <GET https://bobshop.co.za/collections/tablets>
2025-04-27 14:38:05,453 [INFO] Ignoring response <403 https://www.backmarket.com/en-za/l/computers/c/computers>: HTTP status code is not handled or not allowed
2025-04-27 14:38:08,185 [DEBUG] Crawled (404) <GET https://revibe.co.za/collections/pre-owned-ipads> (referer: None)
2025-04-27 14:38:08,207 [DEBUG] Redirecting (301) to <GET https://www.bobshop.co.za/collections/laptops> from <GET https://bobshop.co.za/collections/laptops>
2025-04-27 14:38:08,286 [INFO] Ignoring response <404 https://revibe.co.za/collections/pre-owned-ipads>: HTTP status code is not handled or not allowed
2025-04-27 14:38:08,290 [INFO] Closing spider (finished)
2025-04-27 14:38:08,291 [INFO] Spider revibe finished. Processing collected data...
2025-04-27 14:38:08,291 [WARNING] No data collected by revibe
2025-04-27 14:38:08,294 [INFO] Dumping Scrapy stats:
{'downloader/request_bytes': 1590,
 'downloader/request_count': 5,
 'downloader/request_method_count/GET': 5,
 'downloader/response_bytes': 376377,
 'downloader/response_count': 5,
 'downloader/response_status_count/200': 1,
 'downloader/response_status_count/404': 4,
 'elapsed_time_seconds': 18.16777,
 'finish_reason': 'finished',
 'finish_time': datetime.datetime(2025, 4, 27, 12, 38, 8, 292672, tzinfo=datetime.timezone.utc),
 'httpcompression/response_bytes': 2043342,
 'httpcompression/response_count': 5,
 'httperror/response_ignored_count': 4,
 'httperror/response_ignored_status_count/404': 4,
 'items_per_minute': None,
 'log_count/INFO': 52,
 'log_count/WARNING': 2,
 'memusage/max': 224284672,
 'memusage/startup': 224284672,
 'response_received_count': 5,
 'responses_per_minute': None,
 'robotstxt/request_count': 1,
 'robotstxt/response_count': 1,
 'robotstxt/response_status_count/200': 1,
 'scheduler/dequeued': 4,
 'scheduler/dequeued/memory': 4,
 'scheduler/enqueued': 4,
 'scheduler/enqueued/memory': 4,
 'start_time': datetime.datetime(2025, 4, 27, 12, 37, 50, 124902, tzinfo=datetime.timezone.utc)}
2025-04-27 14:38:08,295 [INFO] Spider closed (finished)
2025-04-27 14:38:08,752 [DEBUG] Redirecting (301) to <GET https://www.gorillaphones.co.za/collections/certified-pre-owned-macbooks> from <GET https://gorillaphones.co.za/collections/certified-pre-owned-macbooks>
2025-04-27 14:38:11,758 [DEBUG] Crawled (403) <GET https://www.backmarket.com/en-za/l/smartwatches/c/smartwatches> (referer: None)
2025-04-27 14:38:11,860 [INFO] Ignoring response <403 https://www.backmarket.com/en-za/l/smartwatches/c/smartwatches>: HTTP status code is not handled or not allowed
2025-04-27 14:38:11,864 [INFO] Closing spider (finished)
2025-04-27 14:38:11,865 [INFO] Spider backmarket finished. Processing collected data...
2025-04-27 14:38:11,865 [WARNING] No data collected by backmarket
2025-04-27 14:38:11,868 [INFO] Dumping Scrapy stats:
{'downloader/request_bytes': 1627,
 'downloader/request_count': 5,
 'downloader/request_method_count/GET': 5,
 'downloader/response_bytes': 4418,
 'downloader/response_count': 5,
 'downloader/response_status_count/200': 1,
 'downloader/response_status_count/403': 4,
 'elapsed_time_seconds': 21.707088,
 'finish_reason': 'finished',
 'finish_time': datetime.datetime(2025, 4, 27, 12, 38, 11, 866618, tzinfo=datetime.timezone.utc),
 'httpcompression/response_bytes': 1702,
 'httpcompression/response_count': 5,
 'httperror/response_ignored_count': 4,
 'httperror/response_ignored_status_count/403': 4,
 'items_per_minute': None,
 'log_count/INFO': 24,
 'log_count/WARNING': 2,
 'memusage/max': 224677888,
 'memusage/startup': 224677888,
 'response_received_count': 5,
 'responses_per_minute': None,
 'robotstxt/request_count': 1,
 'robotstxt/response_count': 1,
 'robotstxt/response_status_count/200': 1,
 'scheduler/dequeued': 4,
 'scheduler/dequeued/memory': 4,
 'scheduler/enqueued': 4,
 'scheduler/enqueued/memory': 4,
 'start_time': datetime.datetime(2025, 4, 27, 12, 37, 50, 159530, tzinfo=datetime.timezone.utc)}
2025-04-27 14:38:11,869 [INFO] Spider closed (finished)
2025-04-27 14:38:15,137 [DEBUG] Redirecting (301) to <GET https://www.bobshop.co.za/collections/smartwatches> from <GET https://bobshop.co.za/collections/smartwatches>
2025-04-27 14:38:15,612 [DEBUG] Crawled (200) <GET https://www.istore.co.za/> (referer: None)
2025-04-27 14:38:18,758 [DEBUG] Crawled (404) <GET https://www.bobshop.co.za/collections/smartphones> (referer: None)
2025-04-27 14:38:18,796 [DEBUG] Crawled (404) <GET https://www.gorillaphones.co.za/collections/certified-pre-owned-phones> (referer: None)
2025-04-27 14:38:18,860 [INFO] Ignoring response <404 https://www.bobshop.co.za/collections/smartphones>: HTTP status code is not handled or not allowed
2025-04-27 14:38:18,897 [INFO] Ignoring response <404 https://www.gorillaphones.co.za/collections/certified-pre-owned-phones>: HTTP status code is not handled or not allowed
2025-04-27 14:38:24,816 [DEBUG] Crawled (404) <GET https://www.bobshop.co.za/collections/tablets> (referer: None)
2025-04-27 14:38:24,918 [INFO] Ignoring response <404 https://www.bobshop.co.za/collections/tablets>: HTTP status code is not handled or not allowed
2025-04-27 14:38:26,178 [DEBUG] Crawled (404) <GET https://www.gorillaphones.co.za/collections/certified-pre-owned-ipads> (referer: None)
2025-04-27 14:38:26,250 [DEBUG] Crawled (200) <GET https://www.istore.co.za/> (referer: None)
2025-04-27 14:38:26,279 [INFO] Ignoring response <404 https://www.gorillaphones.co.za/collections/certified-pre-owned-ipads>: HTTP status code is not handled or not allowed
2025-04-27 14:38:31,715 [DEBUG] Crawled (404) <GET https://www.gorillaphones.co.za/collections/certified-pre-owned-macbooks> (referer: None)
2025-04-27 14:38:31,817 [INFO] Ignoring response <404 https://www.gorillaphones.co.za/collections/certified-pre-owned-macbooks>: HTTP status code is not handled or not allowed
2025-04-27 14:38:31,821 [INFO] Closing spider (finished)
2025-04-27 14:38:31,822 [INFO] Spider gorilla finished. Processing collected data...
2025-04-27 14:38:31,822 [WARNING] No data collected by gorilla
2025-04-27 14:38:31,826 [INFO] Dumping Scrapy stats:
{'downloader/request_bytes': 2980,
 'downloader/request_count': 9,
 'downloader/request_method_count/GET': 9,
 'downloader/response_bytes': 136813,
 'downloader/response_count': 9,
 'downloader/response_status_count/200': 2,
 'downloader/response_status_count/301': 4,
 'downloader/response_status_count/404': 3,
 'elapsed_time_seconds': 41.674277,
 'finish_reason': 'finished',
 'finish_time': datetime.datetime(2025, 4, 27, 12, 38, 31, 823782, tzinfo=datetime.timezone.utc),
 'httpcompression/response_bytes': 589336,
 'httpcompression/response_count': 5,
 'httperror/response_ignored_count': 3,
 'httperror/response_ignored_status_count/404': 3,
 'items_per_minute': None,
 'log_count/INFO': 44,
 'log_count/WARNING': 3,
 'memusage/max': 224546816,
 'memusage/startup': 224546816,
 'response_received_count': 5,
 'responses_per_minute': None,
 'robotstxt/request_count': 2,
 'robotstxt/response_count': 2,
 'robotstxt/response_status_count/200': 2,
 'scheduler/dequeued': 6,
 'scheduler/dequeued/memory': 6,
 'scheduler/enqueued': 6,
 'scheduler/enqueued/memory': 6,
 'start_time': datetime.datetime(2025, 4, 27, 12, 37, 50, 149505, tzinfo=datetime.timezone.utc)}
2025-04-27 14:38:31,826 [INFO] Spider closed (finished)
2025-04-27 14:38:32,124 [DEBUG] Crawled (200) <GET https://www.istore.co.za/> (referer: None)
2025-04-27 14:38:32,280 [DEBUG] Crawled (404) <GET https://www.bobshop.co.za/collections/smartwatches> (referer: None)
2025-04-27 14:38:32,381 [INFO] Ignoring response <404 https://www.bobshop.co.za/collections/smartwatches>: HTTP status code is not handled or not allowed
2025-04-27 14:38:33,866 [DEBUG] Crawled (200) <GET https://www.istore.co.za/> (referer: None)
2025-04-27 14:38:33,872 [DEBUG] Crawled (404) <GET https://www.bobshop.co.za/collections/laptops> (referer: None)
2025-04-27 14:38:34,026 [INFO] Ignoring response <404 https://www.bobshop.co.za/collections/laptops>: HTTP status code is not handled or not allowed
2025-04-27 14:38:34,058 [INFO] Closing spider (finished)
2025-04-27 14:38:34,060 [INFO] Spider istore finished. Processing collected data...
2025-04-27 14:38:34,060 [WARNING] No data collected by istore
2025-04-27 14:38:34,063 [INFO] Dumping Scrapy stats:
{'downloader/request_bytes': 2747,
 'downloader/request_count': 9,
 'downloader/request_method_count/GET': 9,
 'downloader/response_bytes': 796728,
 'downloader/response_count': 9,
 'downloader/response_status_count/200': 5,
 'downloader/response_status_count/302': 4,
 'elapsed_time_seconds': 43.924655,
 'finish_reason': 'finished',
 'finish_time': datetime.datetime(2025, 4, 27, 12, 38, 34, 61602, tzinfo=datetime.timezone.utc),
 'httpcompression/response_bytes': 2881649,
 'httpcompression/response_count': 5,
 'items_per_minute': None,
 'log_count/INFO': 61,
 'log_count/WARNING': 4,
 'memusage/max': 224415744,
 'memusage/startup': 224415744,
 'response_received_count': 5,
 'responses_per_minute': None,
 'robotstxt/request_count': 1,
 'robotstxt/response_count': 1,
 'robotstxt/response_status_count/200': 1,
 'scheduler/dequeued': 8,
 'scheduler/dequeued/memory': 8,
 'scheduler/enqueued': 8,
 'scheduler/enqueued/memory': 8,
 'start_time': datetime.datetime(2025, 4, 27, 12, 37, 50, 136947, tzinfo=datetime.timezone.utc)}
2025-04-27 14:38:34,064 [INFO] Spider closed (finished)
2025-04-27 14:38:34,067 [INFO] Closing spider (finished)
2025-04-27 14:38:34,068 [INFO] Spider bobshop finished. Processing collected data...
2025-04-27 14:38:34,068 [WARNING] No data collected by bobshop
2025-04-27 14:38:34,071 [INFO] Dumping Scrapy stats:
{'downloader/request_bytes': 3458,
 'downloader/request_count': 11,
 'downloader/request_method_count/GET': 11,
 'downloader/response_bytes': 55322,
 'downloader/response_count': 11,
 'downloader/response_status_count/200': 2,
 'downloader/response_status_count/301': 5,
 'downloader/response_status_count/404': 4,
 'elapsed_time_seconds': 43.960842,
 'finish_reason': 'finished',
 'finish_time': datetime.datetime(2025, 4, 27, 12, 38, 34, 69738, tzinfo=datetime.timezone.utc),
 'httpcompression/response_bytes': 201940,
 'httpcompression/response_count': 6,
 'httperror/response_ignored_count': 4,
 'httperror/response_ignored_status_count/404': 4,
 'items_per_minute': None,
 'log_count/INFO': 87,
 'log_count/WARNING': 7,
 'memusage/max': 224022528,
 'memusage/startup': 224022528,
 'response_received_count': 6,
 'responses_per_minute': None,
 'robotstxt/request_count': 2,
 'robotstxt/response_count': 2,
 'robotstxt/response_status_count/200': 2,
 'scheduler/dequeued': 8,
 'scheduler/dequeued/memory': 8,
 'scheduler/enqueued': 8,
 'scheduler/enqueued/memory': 8,
 'start_time': datetime.datetime(2025, 4, 27, 12, 37, 50, 108896, tzinfo=datetime.timezone.utc)}
2025-04-27 14:38:34,072 [INFO] Spider closed (finished)
2025-04-27 14:38:34,141 [INFO] Crawling completed. Check the 'results' directory for opportunities.
